2022-06-09 20:48:01	hello system1	3280
2022-06-09 20:48:01	hello system2	3280
2022-06-09 20:48:01 - hello system

2022-06-10 01:28:07	LoadConfFile file=/home/zhangy/Project/deepblue/bin/conf/log.yml ok	16409
2022-06-10 01:28:14	LoadConfFile file=/home/zhangy/Project/deepblue/bin/conf/log.yml ok	16480
2022-06-10 01:28:18	LoadConfFile file=/home/zhangy/Project/deepblue/bin/conf/log.yml ok	16516
2022-06-10 01:28:18	Fiber::Fiber() main id = 0	16517
2022-06-10 01:28:18	Fiber::Fiber() id = 1	16517
2022-06-10 01:28:18	Fiber::Fiber() main id = 2	16518
2022-06-10 01:28:18	Fiber::Fiber() id = 3	16518
2022-06-10 01:28:18	Fiber::~Fiber() id = 1	16517
2022-06-10 01:28:18	dealloc stack, id = 1	16517
2022-06-10 01:28:18	Fiber::~Fiber() id = 0	16517
2022-06-10 01:28:18	Fiber::~Fiber() id = 3	16518
2022-06-10 01:28:18	dealloc stack, id = 3	16518
2022-06-10 01:28:18	Fiber::~Fiber() id = 2	16518
2022-06-10 01:30:58	LoadConfFile file=/home/zhangy/Project/deepblue/bin/conf/log.yml ok	17477
2022-06-10 01:30:58	Fiber::Fiber() main id = 0	17478
2022-06-10 01:30:58	Fiber::Fiber() id = 1	17478
2022-06-10 01:30:58	Fiber::Fiber() main id = 2	17479
2022-06-10 01:30:58	Fiber::Fiber() id = 3	17479
2022-06-10 01:30:58	Fiber::~Fiber() id = 1	17478
2022-06-10 01:30:58	dealloc stack, id = 1	17478
2022-06-10 01:30:58	Fiber::~Fiber() id = 0	17478
2022-06-10 01:30:58	Fiber::~Fiber() id = 3	17479
2022-06-10 01:30:58	dealloc stack, id = 3	17479
2022-06-10 01:30:58	Fiber::~Fiber() id = 2	17479
2022-06-10 01:31:15	LoadConfFile file=/home/zhangy/Project/deepblue/bin/conf/log.yml ok	17593
2022-06-10 01:31:38	LoadConfFile file=/home/zhangy/Project/deepblue/bin/conf/log.yml ok	17698
2022-06-10 01:35:26	LoadConfFile file=/home/zhangy/Project/deepblue/bin/conf/log.yml ok	18606
2022-06-10 01:35:26	Fiber::Fiber() main id = 0	18609
2022-06-10 01:35:26	Fiber::Fiber() main id = 2	18610
2022-06-10 01:35:26	Fiber::Fiber() id = 3	18610
2022-06-10 01:35:26	Fiber::Fiber() id = 1	18609
2022-06-10 01:35:26	Fiber::~Fiber() id = 3	18610
2022-06-10 01:35:26	Fiber::~Fiber() id = 1	18609
2022-06-10 01:35:26	dealloc stack, id = 3	18610
2022-06-10 01:35:26	dealloc stack, id = 1	18609
2022-06-10 01:35:26	Fiber::~Fiber() id = 2	18610
2022-06-10 01:35:26	Fiber::~Fiber() id = 0	18609
2022-06-10 01:39:01	LoadConfFile file=/home/zhangy/Project/deepblue/bin/conf/log.yml ok	19714
2022-06-10 01:39:01	Fiber::Fiber() main id = 0	19715
2022-06-10 01:39:01	Fiber::Fiber() id = 1	19715
2022-06-10 01:39:01	Fiber::~Fiber() id = 1	19715
2022-06-10 01:39:01	dealloc stack, id = 1	19715
2022-06-10 01:39:01	Fiber::~Fiber() id = 0	19715
2022-06-10 01:39:01	Fiber::Fiber() main id = 2	19716
2022-06-10 01:39:01	Fiber::Fiber() id = 3	19716
2022-06-10 01:39:01	Fiber::~Fiber() id = 3	19716
2022-06-10 01:39:01	dealloc stack, id = 3	19716
2022-06-10 01:39:01	Fiber::~Fiber() id = 2	19716
2022-06-10 01:39:07	LoadConfFile file=/home/zhangy/Project/deepblue/bin/conf/log.yml ok	19816
2022-06-10 01:39:48	LoadConfFile file=/home/zhangy/Project/deepblue/bin/conf/log.yml ok	20021
2022-06-10 01:40:05	LoadConfFile file=/home/zhangy/Project/deepblue/bin/conf/log.yml ok	20152
2022-06-10 01:40:05	Fiber::Fiber() main id = 0	20153
2022-06-10 01:40:05	Fiber::Fiber() id = 1	20153
2022-06-10 01:40:05	Fiber::~Fiber() id = 1	20153
2022-06-10 01:40:05	dealloc stack, id = 1	20153
2022-06-10 01:40:05	Fiber::~Fiber() id = 0	20153
2022-06-10 01:40:05	Fiber::Fiber() main id = 2	20154
2022-06-10 01:40:05	Fiber::Fiber() id = 3	20154
2022-06-10 01:40:05	Fiber::~Fiber() id = 3	20154
2022-06-10 01:40:05	dealloc stack, id = 3	20154
2022-06-10 01:40:05	Fiber::~Fiber() id = 2	20154
2022-06-10 01:50:20	LoadConfFile file=/home/zhangy/Project/deepblue/bin/conf/log.yml ok	24116
2022-06-10 15:06:57	hello system
	13721
2022-06-10 15:06:57 - hello system

2022-06-10 15:11:50	hello system
	14884
2022-06-10 15:11:50 - hello system

2022-06-15 10:09:00	LoadConfFile file=/home/zhangy/Project/deepblue/bin/conf/log.yml ok	31831
2022-06-15 10:09:00	on_request_message_begin_cb	31831
2022-06-15 10:09:00	on_request_url_cb, url is:/login?aa=bb#sss	31831
2022-06-15 10:09:00	on_request_header_field_cb, field is:Host	31831
2022-06-15 10:09:00	on_request_header_value_cb, value is:www.sylar.top	31831
2022-06-15 10:09:00	on_request_header_field_cb, field is:Content-Length	31831
2022-06-15 10:09:00	on_request_header_value_cb, value is:10	31831
2022-06-15 10:09:00	on_request_headers_complete_cb	31831
2022-06-15 10:09:00	on_request_body_cb, body is:1234567890	31831
2022-06-15 10:09:00	on_request_message_complete_cb	31831
2022-06-15 10:09:00	on_request_message_begin_cb	31831
2022-06-15 10:09:00	on_request_url_cb, url is:/two_chunks_mult_zero_end	31831
2022-06-15 10:09:00	on_request_header_field_cb, field is:Transfer-Encoding	31831
2022-06-15 10:09:00	on_request_header_value_cb, value is:chunked	31831
2022-06-15 10:09:00	on_request_headers_complete_cb	31831
2022-06-15 10:09:00	on_request_chunk_header_cb	31831
2022-06-15 10:09:00	on_request_body_cb, body is:hello	31831
2022-06-15 10:09:00	on_request_chunk_complete_cb	31831
2022-06-15 10:09:00	on_request_chunk_header_cb	31831
2022-06-15 10:09:00	on_request_body_cb, body is: world	31831
2022-06-15 10:09:00	on_request_chunk_complete_cb	31831
2022-06-15 10:09:00	on_request_chunk_header_cb	31831
2022-06-15 10:09:00	on_request_chunk_complete_cb	31831
2022-06-15 10:09:00	on_request_message_complete_cb	31831
2022-06-15 10:09:00	on_response_message_begin_cb	31831
2022-06-15 10:09:00	on_response_status_cb, status code is: 301, status msg is: Moved Permanently	31831
2022-06-15 10:09:00	on_response_header_field_cb, field is:Location	31831
2022-06-15 10:09:00	on_response_header_value_cb, value is:http://www.google.com/	31831
2022-06-15 10:09:00	on_response_header_field_cb, field is:Content-Type	31831
2022-06-15 10:09:00	on_response_header_value_cb, value is:text/html; charset=UTF-8	31831
2022-06-15 10:09:00	on_response_header_field_cb, field is:Date	31831
2022-06-15 10:09:00	on_response_header_value_cb, value is:Sun, 26 Apr 2009 11:11:49 GMT	31831
2022-06-15 10:09:00	on_response_header_field_cb, field is:Expires	31831
2022-06-15 10:09:00	on_response_header_value_cb, value is:Tue, 26 May 2009 11:11:49 GMT	31831
2022-06-15 10:09:00	on_response_header_field_cb, field is:X-$PrototypeBI-Version	31831
2022-06-15 10:09:00	on_response_header_value_cb, value is:1.6.0.3	31831
2022-06-15 10:09:00	on_response_header_field_cb, field is:Cache-Control	31831
2022-06-15 10:09:00	on_response_header_value_cb, value is:public, max-age=2592000	31831
2022-06-15 10:09:00	on_response_header_field_cb, field is:Server	31831
2022-06-15 10:09:00	on_response_header_value_cb, value is:gws	31831
2022-06-15 10:09:00	on_response_header_field_cb, field is:Content-Length	31831
2022-06-15 10:09:00	on_response_header_value_cb, value is:219  	31831
2022-06-15 10:09:00	on_response_headers_complete_cb	31831
2022-06-15 10:09:00	on_response_body_cb, body is:<HTML><HEAD><meta http-equiv="content-type" content="text/html;charset=utf-8">
<TITLE>301 Moved</TITLE></HEAD><BODY>
<H1>301 Moved</H1>
The document has moved
<A HREF="http://www.google.com/">here</A>.
</BODY></HTML>
	31831
2022-06-15 10:09:00	on_response_message_complete_cb	31831
2022-06-15 10:13:16	LoadConfFile file=/home/zhangy/Project/deepblue/bin/conf/log.yml ok	419
2022-06-15 10:13:16	on_request_message_begin_cb	419
2022-06-15 10:13:16	on_request_url_cb, url is:/login?aa=bb#sss	419
2022-06-15 10:13:16	on_request_header_field_cb, field is:Host	419
2022-06-15 10:13:16	on_request_header_value_cb, value is:www.sylar.top	419
2022-06-15 10:13:16	on_request_header_field_cb, field is:Content-Length	419
2022-06-15 10:13:16	on_request_header_value_cb, value is:10	419
2022-06-15 10:13:16	on_request_headers_complete_cb	419
2022-06-15 10:13:16	on_request_body_cb, body is:1234567890	419
2022-06-15 10:13:16	on_request_message_complete_cb	419
2022-06-15 10:13:16	on_request_message_begin_cb	419
2022-06-15 10:13:16	on_request_url_cb, url is:/two_chunks_mult_zero_end	419
2022-06-15 10:13:16	on_request_header_field_cb, field is:Transfer-Encoding	419
2022-06-15 10:13:16	on_request_header_value_cb, value is:chunked	419
2022-06-15 10:13:16	on_request_headers_complete_cb	419
2022-06-15 10:13:16	on_request_chunk_header_cb	419
2022-06-15 10:13:16	on_request_body_cb, body is:hello	419
2022-06-15 10:13:16	on_request_chunk_complete_cb	419
2022-06-15 10:13:16	on_request_chunk_header_cb	419
2022-06-15 10:13:16	on_request_body_cb, body is: world	419
2022-06-15 10:13:16	on_request_chunk_complete_cb	419
2022-06-15 10:13:16	on_request_chunk_header_cb	419
2022-06-15 10:13:16	on_request_chunk_complete_cb	419
2022-06-15 10:13:16	on_request_message_complete_cb	419
2022-06-15 10:13:16	on_response_message_begin_cb	419
2022-06-15 10:13:16	on_response_status_cb, status code is: 301, status msg is: Moved Permanently	419
2022-06-15 10:13:16	on_response_header_field_cb, field is:Location	419
2022-06-15 10:13:16	on_response_header_value_cb, value is:http://www.google.com/	419
2022-06-15 10:13:16	on_response_header_field_cb, field is:Content-Type	419
2022-06-15 10:13:16	on_response_header_value_cb, value is:text/html; charset=UTF-8	419
2022-06-15 10:13:16	on_response_header_field_cb, field is:Date	419
2022-06-15 10:13:16	on_response_header_value_cb, value is:Sun, 26 Apr 2009 11:11:49 GMT	419
2022-06-15 10:13:16	on_response_header_field_cb, field is:Expires	419
2022-06-15 10:13:16	on_response_header_value_cb, value is:Tue, 26 May 2009 11:11:49 GMT	419
2022-06-15 10:13:16	on_response_header_field_cb, field is:X-$PrototypeBI-Version	419
2022-06-15 10:13:16	on_response_header_value_cb, value is:1.6.0.3	419
2022-06-15 10:13:16	on_response_header_field_cb, field is:Cache-Control	419
2022-06-15 10:13:16	on_response_header_value_cb, value is:public, max-age=2592000	419
2022-06-15 10:13:16	on_response_header_field_cb, field is:Server	419
2022-06-15 10:13:16	on_response_header_value_cb, value is:gws	419
2022-06-15 10:13:16	on_response_header_field_cb, field is:Content-Length	419
2022-06-15 10:13:16	on_response_header_value_cb, value is:219  	419
2022-06-15 10:13:16	on_response_headers_complete_cb	419
2022-06-15 10:13:16	on_response_body_cb, body is:
<HTML><HEAD><meta http-equiv="content-type" content="text/html;charset=utf-8">
<TITLE>301 Moved</TITLE></HEAD><BODY>
<H1>301 Moved</H1>
The document has moved
<A HREF="http://www.google.com/">here</A>.
</BODY></HTML>
	419
2022-06-15 10:13:16	on_response_message_complete_cb	419
2022-06-18 15:55:01	LoadConfFile file=./bin/conf/log.yml ok	13128
2022-06-18 15:58:38	LoadConfFile file=./bin/conf/log.yml ok	13879
2022-06-18 15:58:39	LoadConfFile file=./bin/conf/log.yml ok	13890
2022-06-18 15:58:40	LoadConfFile file=./bin/conf/log.yml ok	13892
2022-06-18 15:58:40	LoadConfFile file=./bin/conf/log.yml ok	13908
2022-06-18 15:58:41	LoadConfFile file=./bin/conf/log.yml ok	13910
2022-06-18 15:58:42	LoadConfFile file=./bin/conf/log.yml ok	13914
2022-06-18 15:58:42	LoadConfFile file=./bin/conf/log.yml ok	13916
2022-06-18 15:58:43	LoadConfFile file=./bin/conf/log.yml ok	13919
2022-06-18 15:58:49	LoadConfFile file=./bin/conf/log.yml ok	13959
2022-06-18 15:58:50	LoadConfFile file=./bin/conf/log.yml ok	13963
2022-06-18 16:00:37	LoadConfFile file=./bin/conf/log.yml ok	15196
2022-06-18 16:03:11	LoadConfFile file=./bin/conf/log.yml ok	15962
2022-06-18 16:03:12	LoadConfFile file=./bin/conf/log.yml ok	15968
2022-06-18 16:03:13	LoadConfFile file=./bin/conf/log.yml ok	15970
2022-06-18 16:03:14	LoadConfFile file=./bin/conf/log.yml ok	15973
2022-06-18 16:03:14	LoadConfFile file=./bin/conf/log.yml ok	15975
2022-06-18 16:03:15	LoadConfFile file=./bin/conf/log.yml ok	15978
2022-06-18 16:03:16	LoadConfFile file=./bin/conf/log.yml ok	15985
2022-06-18 16:03:54	LoadConfFile file=./bin/conf/log.yml ok	16258
2022-06-18 16:03:55	LoadConfFile file=./bin/conf/log.yml ok	16266
2022-06-18 16:03:56	LoadConfFile file=./bin/conf/log.yml ok	16268
2022-06-18 16:03:56	LoadConfFile file=./bin/conf/log.yml ok	16271
2022-06-18 16:03:57	LoadConfFile file=./bin/conf/log.yml ok	16273
2022-06-18 16:03:57	LoadConfFile file=./bin/conf/log.yml ok	16275
2022-06-18 16:03:58	LoadConfFile file=./bin/conf/log.yml ok	16278
2022-06-18 16:03:58	LoadConfFile file=./bin/conf/log.yml ok	16285
2022-06-18 16:03:59	LoadConfFile file=./bin/conf/log.yml ok	16288
2022-06-18 16:03:59	LoadConfFile file=./bin/conf/log.yml ok	16295
2022-06-18 16:06:40	LoadConfFile file=./bin/conf/log.yml ok	16822
2022-06-18 16:06:40	LoadConfFile file=./bin/conf/log.yml ok	16837
2022-06-18 16:06:41	LoadConfFile file=./bin/conf/log.yml ok	16841
2022-06-18 16:06:42	LoadConfFile file=./bin/conf/log.yml ok	16843
2022-06-18 16:07:06	LoadConfFile file=./bin/conf/log.yml ok	17062
2022-06-18 16:07:07	LoadConfFile file=./bin/conf/log.yml ok	17069
2022-06-18 16:07:08	LoadConfFile file=./bin/conf/log.yml ok	17071
2022-06-18 16:07:08	LoadConfFile file=./bin/conf/log.yml ok	17079
2022-06-18 16:07:09	LoadConfFile file=./bin/conf/log.yml ok	17081
2022-06-18 16:07:09	LoadConfFile file=./bin/conf/log.yml ok	17089
2022-06-18 16:07:10	LoadConfFile file=./bin/conf/log.yml ok	17091
2022-06-18 16:07:10	LoadConfFile file=./bin/conf/log.yml ok	17094
2022-06-18 16:07:11	LoadConfFile file=./bin/conf/log.yml ok	17098
2022-06-18 16:07:12	LoadConfFile file=./bin/conf/log.yml ok	17100
2022-06-18 16:07:12	LoadConfFile file=./bin/conf/log.yml ok	17103
2022-06-18 16:07:13	LoadConfFile file=./bin/conf/log.yml ok	17105
2022-06-18 16:07:13	LoadConfFile file=./bin/conf/log.yml ok	17108
